<?xml version="1.0" encoding="UTF-8"?>
<!-- Generated by org.testng.reporters.JUnitReportReporter -->
<testsuite hostname="DESKTOP-N3LRL61" failures="0" tests="2" name="com_test.TC_07_Test" time="7.615" errors="0" timestamp="2025-05-05T17:18:18 IST" skipped="0">
  <testcase classname="com_test.TC_07_Test" name="test_07" time="7.248"/>
  <system-out/>
  <testcase classname="com_test.TC_07_Test" name="test_login" time="0.367"/>
  <system-out/>
</testsuite> <!-- com_test.TC_07_Test -->
