<?xml version="1.0" encoding="UTF-8"?>
<!-- Generated by org.testng.reporters.JUnitReportReporter -->
<testsuite hostname="DESKTOP-N3LRL61" failures="0" tests="2" name="com_test.TC_02_Test" time="7.896" errors="0" timestamp="2025-05-05T17:18:18 IST" skipped="0">
  <testcase classname="com_test.TC_02_Test" name="test_01" time="7.029"/>
  <system-out/>
  <testcase classname="com_test.TC_02_Test" name="test_login" time="0.867"/>
  <system-out/>
</testsuite> <!-- com_test.TC_02_Test -->
